[Message:   BepInEx] Chainloader ready
[Message:   BepInEx] Chainloader started
[Info   :   BepInEx] 153 plugins to load
[Info   :   BepInEx] Loading [Rim Remover 1.1]
[Info   :   BepInEx] Loading [Enable Full Screen Toggle 1.0]
[Info   :   BepInEx] Loading [Enable Resize 1.5]
[Info   :   BepInEx] Loading [Input Hotkey Block 1.3]
[Info   :   BepInEx] Loading [Mute In Background 1.1]
[Info   :   BepInEx] Loading [Optimize IMGUI GC allocations 1.0]
[Info   :   BepInEx] Loading [Runtime Unity Editor 2.2.1]
[Info   :   BepInEx] Loading [Cheat Tools 2.8]
[Info   :   BepInEx] Loading [Extended Save 16.0]
[Info   :   BepInEx] Loading [XUnity Resource Redirector 1.1.2]
[Info   :   BepInEx] Loading [Sideloader 16.0]
[Info   :Sideloader] Found 1101 zipmods in directory: F:\[ScrewThisNoise] Koikatsu BetterRepack RX7\mods
[Info   :Sideloader] Successfully loaded 1101 mods out of 1101 archives in 20634ms
[Info   :   BepInEx] Loading [MoreAccessories 1.1.0]
[Info   :   BepInEx] Loading [Modding API 1.13.3]
[Info   :   BepInEx] Loading [Clothing State Menu 3.0.1]
[Info   :   BepInEx] Loading [Color Filter Remover 16.0]
[Info   :   BepInEx] Loading [Configuration Manager 16.0]
[Info   :   BepInEx] Loading [Input Length Unlocker 16.0]
[Info   :   BepInEx] Loading [Screenshot Manager 16.0]
[Info   :   BepInEx] Loading [Slider Unlocker 16.0]
[Info   :   BepInEx] Loading [BGM Loader 16.0]
[Info   :   BepInEx] Loading [Message Center 1.1.1]
[Info   :   BepInEx] Loading [KK Uniform Uniforms 1.1]
[Info   :   BepInEx] Loading [Character Export 1.0]
[Info   :   BepInEx] Loading [Character Maker Loaded Sound 1.0]
[Info   :   BepInEx] Loading [Clothing Unlocker 2.0.1]
[Info   :   BepInEx] Loading [Colliders 1.1.1]
[Info   :   BepInEx] Loading [Demosaic 1.1]
[Info   :   BepInEx] Loading [Eye Shaking 1.1]
[Info   :   BepInEx] Loading [Fade Adjuster 1.0]
[Info   :   BepInEx] Loading [Free H Random 1.2]
[Info   :   BepInEx] Loading [Hair Accessory Customizer 1.1.5]
[Info   :   BepInEx] Loading [H Character Adjustment 2.0]
[Info   :   BepInEx] Loading [Invisible Body 1.3.2]
[Info   :   BepInEx] Loading [Item Blacklist 1.1]
[Info   :   BepInEx] Loading [List Override 1.0]
[Info   :   BepInEx] Loading [Maker Defaults 1.0]
[Info   :   BepInEx] Loading [Male Juice 1.2.2]
[Info   :   BepInEx] Loading [Material Editor 2.1.4]
[Info   :   BepInEx] Loading [Material Editor Maker 2.1.4]
[Info   :   BepInEx] Loading [Pose Folders 1.0]
[Info   :   BepInEx] Loading [Pushup 1.2]
[Info   :   BepInEx] Loading [Random Character Generator 2.0]
[Info   :   BepInEx] Loading [Reload Character List On Change 1.5.1]
[Info   :   BepInEx] Loading [Subtitles 2.0]
[Info   :   BepInEx] Loading [XUnity Auto Translator 4.12.1]
[Info   :XUnity.AutoTranslator] Loaded XUnity.AutoTranslator into Unity [5.6.2f1] game.
[Info   :   BepInEx] Loading [Text Resource Redirector 1.4.2.1]
[Info   :Text Resource Redirector] IllusionMods.ExcelDataHandler enabled
[Info   :Text Resource Redirector] IllusionMods.ScenarioDataHandler enabled
[Info   :Text Resource Redirector] IllusionMods.TextAssetTableHandler enabled
[Info   :Text Resource Redirector] IllusionMods.ChaListDataHandler enabled
[Info   :Text Resource Redirector] IllusionMods.NickNameHandler enabled
[Info   :Text Resource Redirector] IllusionMods.MapInfoHandler enabled
[Info   :Text Resource Redirector] IllusionMods.EventInfoHandler enabled
[Info   :Text Resource Redirector] IllusionMods.MakerCustomDataHandler enabled
[Info   :   BepInEx] Loading [Skin Overlay Mod 5.2.1]
[Info   :   BepInEx] Loading [Uncensor Selector 3.10]
[Info   :   BepInEx] Loading [Dress for Success 1.1.1]
[Info   :   BepInEx] Loading [GeBo Modding API 1.0.1]
[Info   :   BepInEx] Loading [Translation Cache Cleaner 0.5.3]
[Info   :   BepInEx] Loading [Translation Helper 0.9.4]
[Info   :   BepInEx] Loading [Plugin List Tool 20.8.5.0]
[Info   :   BepInEx] Loading [KKUS 1.9.0]
[Info   :   BepInEx] Loading [Mod Bone Implantor 0.2.4]
[Info   :   BepInEx] Loading [Dynamic Bones Fix 1.0]
[Info   :   BepInEx] Loading [Hair Shadows Fix 1.0]
[Info   :   BepInEx] Loading [HeightBarX 3.3]
[Info   :   BepInEx] Loading [Character Replacer 1.6.2]
[Info   :   BepInEx] Loading [Clothes Overlay Mod 5.2.1]
[Info   :   BepInEx] Loading [Clothes Overlay Mod GUI 5.2.1]
[Info   :   BepInEx] Loading [Anime Ass Assistant 1.0.0.148]
[Info   :   BepInEx] Loading [CameraFrameMask 1.0.148]
[Info   :   BepInEx] Loading [DefaultStudioScene 1.0.0.148]
[Info   :   BepInEx] Loading [Drag & Drop 1.2.1]
[Info   :   BepInEx] Loading [Graphics Settings 1.2.1]
[Info   :   BepInEx] Loading [HideAllUI 2.2.0]
[Info   :   BepInEx] Loading [LockOnPlugin 2.6.0.148]
[Info   :   BepInEx] Loading [MakerBridge 1.0.1.148]
[Info   :   BepInEx] Loading [RealPOV 1.0.2.148]
[Info   :   BepInEx] Loading [Title shortcuts 1.1.2.148]
[Info   :   BepInEx] Loading [UnlockHPositions 1.1.0]
[Info   :   BepInEx] Loading [KK_Ahegao 1.8]
[Info   :   BepInEx] Loading [KK_ClothesLoadOption 0.2.0]
[Info   :   BepInEx] Loading [Configuration Manager wrapper for Koikatsu 16.0]
[Info   :   BepInEx] Loading [Centered HScene Cursor 14.3.1]
[Info   :   BepInEx] Loading [Character List Optimizations 14.3.1]
[Info   :   BepInEx] Loading [Game and Studio Data Corruption Fixes 14.3.1]
[Info   :   BepInEx] Loading [Fix Shader Dropdown Menu 14.3.1]
[Info   :   BepInEx] Loading [KK_Fix_GarbageTruck 14.3.1]
[Info   :   BepInEx] Loading [Character Maker Heterochromia Fix 14.3.1]
[Info   :   BepInEx] Loading [Main Game Optimizations 14.3.1]
[Info   :   BepInEx] Loading [Maker Optimizations 14.3.1]
[Info   :   Console] patching moreaccs
[Info   :   BepInEx] Loading [Manifest Corrector 14.3.1]
[Info   :   BepInEx] Loading [Head Fix 14.3.1]
[Info   :   BepInEx] Loading [Null Checks 14.3.1]
[Info   :   BepInEx] Loading [Party Card Compatibility 14.3.1]
[Info   :   BepInEx] Loading [Personality Corrector 14.3.1]
[Info   :   BepInEx] Loading [Resource Unload Optimizations 14.3.1]
[Info   :   BepInEx] Loading [Restore missing functions 14.3.1]
[Info   :   BepInEx] Loading [Settings Fix 14.3.1]
[Info   :   BepInEx] Loading [Shower Accessories Fix 14.3.1]
[Info   :   BepInEx] Loading [KK_HLightControl 1.2.2]
[Info   :   BepInEx] Loading [KK_MakerAdditions 1.0.0]
[Info   :   BepInEx] Loading [KK_MakerSearch 1.4.0]
[Info   :   BepInEx] Loading [Moan softly when I H you 1.0]
[Info   :   BepInEx] Loading [Add mobs to roam mode 3.0]
[Info   :   BepInEx] Loading [KKABMX (BonemodX) 4.3.3]
[Info   :   BepInEx] Loading [KK_Pregnancy 2.1.2]
[Info   :   BepInEx] Loading [Chase Me 0.9.0]
[Info   :   BepInEx] Loading [Expand Male Maker 1.0]
[Info   :   BepInEx] Loading [Skin Overlay Mod GUI 5.2.1]
[Info   :   BepInEx] Loading [FPS Counter 3.1]
[Info   :   BepInEx] Loading [Card Author Data 1.13.3]
[Info   :   BepInEx] Loading [Koikatsu: Become Trap 2.0]
[Info   :   BepInEx] Loading [Better Color Picker 2.0.1]
[Info   :   BepInEx] Loading [Maker/Studio Browser Folders 2.2]
[Info   :   BepInEx] Loading [Image Series Recorder 1.0]
[Info   :   BepInEx] Loading [More Accessory Parents 1.1]
[Info   :   BepInEx] Loading [Remove Cards To Recycle Bin 1.1.1]
[Info   :   BepInEx] Loading [Additional Skin Effects 1.7.2]
[Info   :   BepInEx] Loading [Random Name Provider 1.0.0.0]
[Info   :   BepInEx] Loading [WarpToCharacters 1.1]
[Message:   BepInEx] Chainloader startup complete
[Info   :   Console] Replacing Names
[Info   :XUnity.AutoTranslator] Skipping plugin scan because no plugin-specific translations has been registered.
